TimeWindow  TotalIterations  Iterations  Convergence  AvgConvRate(Displacements0)  DeletedColumns  
1  3  3  1  0.0001025582448508  0  
2  5  2  1  0.0003438876319784  1  
3  7  2  1  0.0003854621353928  0  
4  9  2  1  0.0003865630485166  0  
5  11  2  1  0.0002383189230203  0  
6  13  2  1  0.0002952690278478  0  
7  15  2  1  0.0001621989177043  0  
8  17  2  1  0.0002298175016676  0  
9  19  2  1  0.0002029367576687  0  
10  21  2  1  0.0001856887923044  0  
11  23  2  1  0.0001909745364406  0  
12  25  2  1  0.0001763751253163  0  
13  27  2  1  0.0001579247303093  0  
14  29  2  1  0.0001907851276213  0  
15  31  2  1  0.0001565278999359  0  
16  33  2  1  0.0001392820057727  0  
17  35  2  1  0.0001500928565880  0  
18  37  2  1  0.0001725124419725  0  
19  39  2  1  0.0001523166311195  0  
20  41  2  1  0.0001297149339668  0  
21  43  2  1  0.0001529873335412  0  
22  45  2  1  0.0001141136005721  0  
23  47  2  1  0.0001314980463859  0  
24  49  2  1  0.0001138448951594  0  
25  51  2  1  0.0001330963534656  0  
26  53  2  1  0.0001086776834653  0  
27  55  2  1  0.0001359690264855  0  
28  57  2  1  0.0001077684745178  0  
29  59  2  1  0.0001067352606275  0  
30  61  2  1  0.0001028013155617  0  
31  63  2  1  0.0001260930874413  0  
32  65  2  1  0.0001017939392767  0  
33  67  2  1  0.0001099296366197  0  
34  69  2  1  0.0001032473247553  0  
35  71  2  1  0.0001170803301637  0  
36  73  2  1  0.0001062776991779  0  
37  75  2  1  0.0001025429477380  0  
38  77  2  1  0.0001173150146636  0  
39  79  2  1  0.0001055355684433  0  
40  81  2  1  0.0000934201814849  0  
41  83  2  1  0.0000882923977905  0  
42  85  2  1  0.0000956043607257  0  
43  87  2  1  0.0001105361180845  0  
44  89  2  1  0.0001171198621427  0  
45  91  2  1  0.0000935375536626  0  
46  93  2  1  0.0001101774587407  0  
47  95  2  1  0.0001089575402805  0  
48  97  2  1  0.0000913744591580  0  
49  99  2  1  0.0001079019765475  0  
50  101  2  1  0.0001024005763696  0  
51  103  2  1  0.0000961874041702  1  
52  105  2  1  0.0000940159648021  1  
53  107  2  1  0.0001147488535933  1  
54  109  2  1  0.0000875307682207  1  
55  111  2  1  0.0001067260788595  1  
56  113  2  1  0.0000916730112650  1  
57  115  2  1  0.0001195367659885  1  
58  117  2  1  0.0000861252787173  1  
59  119  2  1  0.0000933656596304  1  
60  121  2  1  0.0001231782771653  1  
61  123  2  1  0.0001141129557455  1  
62  125  2  1  0.0000984890116162  1  
63  127  2  1  0.0000974524661230  1  
64  129  2  1  0.0001198520526760  1  
65  131  2  1  0.0001228280127548  1  
66  133  2  1  0.0001274369889427  1  
67  135  2  1  0.0001259942282735  1  
68  137  2  1  0.0001228622465692  1  
69  139  2  1  0.0001270148835444  1  
70  141  2  1  0.0001188411412885  1  
71  143  2  1  0.0000850357664592  1  
72  145  2  1  0.0000786727188231  1  
73  147  2  1  0.0001107142368866  1  
74  149  2  1  0.0001385694600556  1  
75  151  2  1  0.0001594554456262  1  
76  153  2  1  0.0001783723135343  1  
77  155  2  1  0.0001840913458594  1  
78  157  2  1  0.0001090939892388  0  
79  159  2  1  0.0001091954749894  1  
80  161  2  1  0.0001169473054455  1  
81  163  2  1  0.0001437441852046  1  
82  165  2  1  0.0001695430480729  1  
83  167  2  1  0.0001912101416530  1  
84  169  2  1  0.0002168503193428  1  
85  171  2  1  0.0002462005969780  1  
86  173  2  1  0.0002698819604833  1  
87  175  2  1  0.0002732083892663  1  
88  177  2  1  0.0002713654679409  1  
89  179  2  1  0.0002903970711593  1  
90  181  2  1  0.0003159762345225  1  
91  183  2  1  0.0003213131390621  1  
92  185  2  1  0.0003062918930373  1  
93  187  2  1  0.0002807879215261  1  
94  189  2  1  0.0002378269566148  1  
95  191  2  1  0.0001939964048880  1  
96  193  2  1  0.0001833860311018  1  
97  195  2  1  0.0002107731118149  1  
98  197  2  1  0.0002427776158641  1  
99  199  2  1  0.0002569396596294  1  
100  201  2  1  0.0002729999466317  1  
101  203  2  1  0.0002973603838897  1  
102  205  2  1  0.0003086888814137  1  
103  207  2  1  0.0003004440551073  1  
104  209  2  1  0.0002987739708101  1  
105  211  2  1  0.0003196363255582  1  
106  213  2  1  0.0003382162878131  1  
107  215  2  1  0.0003252740257403  1  
108  217  2  1  0.0002833385207396  1  
109  219  2  1  0.0002550146480181  1  
110  221  2  1  0.0002702066662546  1  
111  223  2  1  0.0003057913454490  1  
112  225  2  1  0.0003329907831802  1  
113  227  2  1  0.0003397411586802  1  
114  229  2  1  0.0003259355158053  1  
115  231  2  1  0.0002719910029357  1  
116  233  2  1  0.0001877535192441  1  
117  235  2  1  0.0001846863741009  1  
118  237  2  1  0.0001871993843663  1  
119  239  2  1  0.0002619304348341  1  
120  241  2  1  0.0003434429718084  1  
121  243  2  1  0.0003937421221344  1  
122  245  2  1  0.0004007114047869  1  
123  247  2  1  0.0003677097348770  1  
124  249  2  1  0.0003192595384937  1  
125  251  2  1  0.0002691176208415  1  
126  253  2  1  0.0002128738274433  1  
127  255  2  1  0.0001717765284563  1  
128  257  2  1  0.0001770556750768  1  
129  259  2  1  0.0001964000293743  1  
130  261  2  1  0.0002064552522580  1  
131  263  2  1  0.0001924387457700  1  
132  265  2  1  0.0001720464281816  1  
133  267  2  1  0.0001825605015793  1  
134  269  2  1  0.0002142816890162  1  
135  271  2  1  0.0002478696014549  1  
136  273  2  1  0.0002863708139831  1  
137  275  2  1  0.0003339397555982  1  
138  277  2  1  0.0003691073104126  1  
139  279  2  1  0.0003626118071333  1  
140  281  2  1  0.0003371667475339  1  
141  283  2  1  0.0003264287622118  1  
142  285  2  1  0.0003274785853550  1  
143  287  2  1  0.0003276631540137  1  
144  289  2  1  0.0003168089993362  1  
145  291  2  1  0.0003004461531262  1  
146  293  2  1  0.0002978625505241  1  
147  295  2  1  0.0003083962091734  1  
148  297  2  1  0.0003242449393128  1  
149  299  2  1  0.0003449415095639  1  
150  301  2  1  0.0003698122792178  1  
151  303  2  1  0.0003912894862126  1  
152  305  2  1  0.0004005322839133  1  
153  307  2  1  0.0004062883633565  1  
154  309  2  1  0.0004309068041198  1  
155  311  2  1  0.0004685205729344  1  
156  313  2  1  0.0004821422591344  1  
157  315  2  1  0.0004485427433910  1  
158  317  2  1  0.0004036668090635  1  
159  319  2  1  0.0003851552454361  1  
160  321  2  1  0.0003867878269865  1  
161  323  2  1  0.0003938710929917  1  
162  325  2  1  0.0003983402185865  1  
163  327  2  1  0.0004034162116819  1  
164  329  2  1  0.0004118256509406  1  
165  331  2  1  0.0004206328635607  1  
166  333  2  1  0.0004333283777487  1  
167  335  2  1  0.0004544562424843  1  
168  337  2  1  0.0004674360992648  1  
169  339  2  1  0.0004468169958779  1  
170  341  2  1  0.0003966765783157  1  
171  343  2  1  0.0003414646445721  1  
172  345  2  1  0.0003153220736790  1  
173  347  2  1  0.0003315816664446  1  
174  349  2  1  0.0003488564039635  1  
175  351  2  1  0.0003450954294211  1  
176  353  2  1  0.0003326001169690  1  
177  355  2  1  0.0003204729484627  1  
178  357  2  1  0.0003066450962755  1  
179  359  2  1  0.0002971004460242  1  
180  361  2  1  0.0003067003319420  1  
181  363  2  1  0.0003301672424226  1  
182  365  2  1  0.0003491643532308  1  
183  367  2  1  0.0003582050136957  1  
184  369  2  1  0.0003581280597857  1  
185  371  2  1  0.0003431315267539  1  
186  373  2  1  0.0003162528281110  1  
187  375  2  1  0.0002958606936229  1  
188  377  2  1  0.0002890823388997  1  
189  379  2  1  0.0002981262691750  1  
190  381  2  1  0.0003201571465993  1  
191  383  2  1  0.0003351761380901  1  
192  385  2  1  0.0003163799526321  1  
193  387  2  1  0.0002631964960653  1  
194  389  2  1  0.0002146563612400  1  
195  391  2  1  0.0002138853994003  1  
196  393  2  1  0.0002303320726824  1  
197  395  2  1  0.0002456234099769  1  
198  397  2  1  0.0002623089802121  1  
199  399  2  1  0.0002651523456296  1  
200  401  2  1  0.0002503006227484  1  
201  403  2  1  0.0002390498977319  1  
202  405  2  1  0.0002574548857489  1  
203  407  2  1  0.0002841098536474  1  
204  409  2  1  0.0002759764913749  1  
205  411  2  1  0.0002372057235940  1  
206  413  2  1  0.0002305635427773  1  
207  415  2  1  0.0002596551385461  1  
208  417  2  1  0.0002808932650694  1  
209  419  2  1  0.0002815659084653  1  
210  421  2  1  0.0002616694214863  1  
211  423  2  1  0.0002382096264293  1  
212  425  2  1  0.0002683780477869  1  
213  427  2  1  0.0003269536799523  1  
214  429  2  1  0.0003504348754495  1  
215  431  2  1  0.0003168230496342  1  
216  433  2  1  0.0002770685749657  1  
217  435  2  1  0.0002954812067130  1  
218  437  2  1  0.0003335726478901  1  
219  439  2  1  0.0003584664202300  1  
220  441  2  1  0.0003556699782654  1  
221  443  2  1  0.0003206865391729  1  
222  445  2  1  0.0002918370850596  1  
223  447  2  1  0.0002992829835816  1  
224  449  2  1  0.0003251005637594  1  
225  451  2  1  0.0003767668059618  1  
226  453  2  1  0.0004218343801384  1  
227  455  2  1  0.0004376758140721  1  
228  457  2  1  0.0004633527727064  1  
229  459  2  1  0.0004953318001471  1  
230  461  2  1  0.0005394781049653  1  
231  463  2  1  0.0005798558681176  1  
232  465  2  1  0.0006740860325227  1  
233  467  2  1  0.0007515236294643  1  
234  469  2  1  0.0008416803838780  1  
235  471  2  1  0.0008906750834670  1  
236  473  2  1  0.0009963728728107  1  
237  475  2  1  0.0010476056910558  1  
238  477  2  1  0.0010564298687977  1  
239  479  2  1  0.0011812262311560  1  
240  481  2  1  0.0013674753450479  1  
241  483  2  1  0.0015519137902478  1  
242  485  2  1  0.0015925641259893  1  
243  487  2  1  0.0019015845484175  1  
244  489  2  1  0.0021234101646912  1  
245  491  2  1  0.0020239736408523  1  
246  493  2  1  0.0021566856813324  1  
247  495  2  1  0.0022408253319487  1  
248  497  2  1  0.0025947317522287  1  
249  499  2  1  0.0027740818314065  1  
250  501  2  1  0.0028285000123549  1  
251  503  2  1  0.0032214611787554  1  
252  505  2  1  0.0036823797957011  1  
253  507  2  1  0.0042117584983006  1  
254  509  2  1  0.0032528384564304  0  
255  511  2  1  0.0040642595835525  0  
256  513  2  1  0.0044314286182185  1  
257  515  2  1  0.0038180561945013  0  
258  517  2  1  0.0049630936250367  1  
259  519  2  1  0.0050112544663844  1  
260  521  2  1  0.0055599654188466  0  
261  523  2  1  0.0054437440744712  0  
262  525  2  1  0.0055491844061479  0  
263  527  2  1  0.0063140908094084  0  
264  529  2  1  0.0065093767485714  0  
265  531  2  1  0.0070343112908654  1  
266  533  2  1  0.0067687915850037  0  
267  535  2  1  0.0087205768740129  0  
268  537  2  1  0.0077924172347311  0  
269  539  2  1  0.0090471718606163  0  
270  541  2  1  0.0076667789424052  0  
271  543  2  1  0.0096101890572042  0  
272  545  2  1  0.0095858957481493  0  
273  547  2  1  0.0099160922986959  0  
274  549  2  1  0.0108617688895483  0  
275  551  2  1  0.0108747084751400  0  
276  553  2  1  0.0100748377321287  0  
277  555  2  1  0.0111969461546633  0  
278  557  2  1  0.0120633829503009  0  
279  559  2  1  0.0117484925060577  0  
280  561  2  1  0.0116283145281461  0  
281  563  2  1  0.0119591833650389  0  
282  565  2  1  0.0119803201464420  0  
283  567  2  1  0.0123117402409599  0  
284  569  2  1  0.0127162093680188  0  
285  571  2  1  0.0121895768972650  0  
286  573  2  1  0.0124336956231025  0  
287  575  2  1  0.0117919240876834  0  
288  577  2  1  0.0127340454679566  0  
289  579  2  1  0.0124436633347463  0  
290  581  2  1  0.0129322850799727  0  
291  583  2  1  0.0125030333705392  0  
292  585  2  1  0.0122851165170199  0  
293  587  2  1  0.0126644943245915  0  
294  589  2  1  0.0126558161673306  0  
295  591  2  1  0.0127202799922003  0  
296  593  2  1  0.0116832339357674  0  
297  595  2  1  0.0120803560299238  0  
298  597  2  1  0.0119269749024964  0  
299  599  2  1  0.0121717040774480  0  
300  601  2  1  0.0111484191108748  0  
301  603  2  1  0.0119103203890303  0  
302  605  2  1  0.0107160454431499  0  
303  607  2  1  0.0118624489729531  0  
304  609  2  1  0.0112992188012625  0  
305  611  2  1  0.0109571736126478  0  
306  613  2  1  0.0110762653073107  0  
307  615  2  1  0.0103890845596827  0  
308  617  2  1  0.0108303893283592  0  
309  619  2  1  0.0108838984721440  0  
310  621  2  1  0.0105794727819018  0  
311  623  2  1  0.0109561910507864  0  
312  625  2  1  0.0111006039743470  0  
313  627  2  1  0.0106841094459095  0  
314  629  2  1  0.0100925115326902  0  
315  631  2  1  0.0106017963366748  0  
316  633  2  1  0.0106872306459126  0  
317  635  2  1  0.0095992299572755  0  
318  637  2  1  0.0102934326863109  0  
319  639  2  1  0.0099127020759053  0  
320  641  2  1  0.0099285108213599  0  
321  643  2  1  0.0100501340123119  0  
322  645  2  1  0.0097481538261230  0  
323  647  2  1  0.0100545159848204  0  
324  649  2  1  0.0096221336060607  0  
325  651  2  1  0.0097265208349574  0  
326  653  2  1  0.0100652521261108  0  
327  655  2  1  0.0100387665075753  0  
328  657  2  1  0.0097429787153417  0  
329  659  2  1  0.0094732305553592  0  
330  661  2  1  0.0094647661945143  0  
331  663  2  1  0.0095414768058166  0  
332  665  2  1  0.0099034744756017  0  
333  667  2  1  0.0101030196951192  0  
334  669  2  1  0.0091979495127339  0  
335  671  2  1  0.0094273154038479  0  
336  673  2  1  0.0101181213283467  0  
337  675  2  1  0.0095708341100464  0  
338  677  2  1  0.0095242501317304  0  
339  679  2  1  0.0098634793043087  0  
340  681  2  1  0.0083262117883916  0  
341  683  2  1  0.0094231027315199  0  
342  685  2  1  0.0092281447549095  0  
343  687  2  1  0.0093177591099810  0  
344  689  2  1  0.0090169902080907  0  
345  691  2  1  0.0094534284413539  0  
346  693  2  1  0.0091552975579716  0  
347  695  2  1  0.0087126336536263  0  
348  697  2  1  0.0088296414472792  0  
349  699  2  1  0.0088882556859828  0  
350  701  2  1  0.0085850212661638  0  
351  703  2  1  0.0089283291550001  0  
352  705  2  1  0.0083754350429547  0  
353  707  2  1  0.0085847192675928  0  
354  709  2  1  0.0088699721744136  0  
355  711  2  1  0.0085747559005343  0  
356  713  2  1  0.0085230501639606  0  
357  715  2  1  0.0082803794364532  0  
358  717  2  1  0.0082437540380336  0  
359  719  2  1  0.0081139451395177  0  
360  721  2  1  0.0080671682860160  0  
361  723  2  1  0.0082708704026911  0  
362  725  2  1  0.0081144318518341  0  
363  727  2  1  0.0085837776936889  0  
364  729  2  1  0.0079841791373393  0  
365  731  2  1  0.0081159494911914  0  
366  733  2  1  0.0078317735571638  0  
367  735  2  1  0.0084411474401476  0  
368  737  2  1  0.0079582980467314  0  
369  739  2  1  0.0075972131127617  0  
370  741  2  1  0.0081720937053231  0  
371  743  2  1  0.0082934776935663  0  
372  745  2  1  0.0082228193080745  0  
373  747  2  1  0.0081004736885599  0  
374  749  2  1  0.0081936652521902  0  
375  751  2  1  0.0081483325012266  0  
376  753  2  1  0.0079968132905862  0  
377  755  2  1  0.0081930071292087  0  
378  757  2  1  0.0084536388974500  0  
379  759  2  1  0.0086106971688844  0  
380  761  2  1  0.0090097102217049  0  
381  763  2  1  0.0091922717490233  0  
382  765  2  1  0.0098865098143785  0  
383  767  2  1  0.0105386604125339  0  
384  769  2  1  0.0100791688232935  0  
385  771  2  1  0.0131025551967046  0  
386  773  2  1  0.0110603797853194  0  
387  775  2  1  0.0181716490638092  0  
388  777  2  1  0.0134074758862750  0  
389  779  2  1  0.0160907016202563  0  
390  781  2  1  0.0195392821007548  0  
391  783  2  1  0.0254167580808407  0  
392  785  2  1  0.0235153278410954  0  
393  787  2  1  0.0198840465856568  0  
394  789  2  1  0.0350134156556680  0  
395  791  2  1  0.0314353093725910  0  
396  793  2  1  0.0343624605968343  0  
397  795  2  1  0.0323409196845650  0  
398  797  2  1  0.0411451889296436  0  
399  799  2  1  0.0402922774171415  0  
400  801  2  1  0.0525417049059012  0  
401  803  2  1  0.0296748211570382  0  
402  805  2  1  0.0409844601840596  0  
403  807  2  1  0.0232520532107451  0  
404  809  2  1  0.0288392972305620  0  
405  811  2  1  0.0430318123907580  0  
406  813  2  1  0.0460933413570301  0  
407  815  2  1  0.0303419751425755  0  
408  817  2  1  0.0333115102504063  0  
409  819  2  1  0.0505362102101542  0  
410  821  2  1  0.0617794229216022  0  
411  823  2  1  0.0582578030565705  0  
412  825  2  1  0.0897450740147737  0  
413  827  2  1  0.0807214677405362  0  
414  829  2  1  0.0654377918540274  0  
415  831  2  1  0.0562606160537248  0  
416  833  2  1  0.0518458325697113  0  
417  835  2  1  0.0397730466657907  0  
418  837  2  1  0.0327250282018538  0  
419  839  2  1  0.0375226647587846  0  
420  841  2  1  0.0421723064791331  0  
421  843  2  1  0.0465400230078290  0  
422  845  2  1  0.0463704259122705  0  
423  847  2  1  0.0456578028383191  0  
424  849  2  1  0.0330406831694931  0  
425  851  2  1  0.0246861243303226  0  
426  853  2  1  0.0278664919702159  0  
427  855  2  1  0.0333947839668161  0  
428  857  2  1  0.0392377053173762  0  
429  859  2  1  0.0464903181955595  0  
430  861  2  1  0.0517877421826174  0  
431  863  2  1  0.0570913739065994  0  
432  865  2  1  0.0606430779347009  0  
433  867  2  1  0.0515471558352630  0  
434  869  2  1  0.0412128732463899  0  
435  871  2  1  0.0453658901156881  0  
436  873  2  1  0.0555557508272059  0  
437  875  2  1  0.0579662885067309  0  
438  877  2  1  0.0546979711345297  0  
439  879  2  1  0.0491355612363336  0  
440  881  2  1  0.0450304083743450  0  
441  883  2  1  0.0385122717538138  0  
442  885  2  1  0.0368285268794791  0  
443  887  2  1  0.0366116722853250  0  
444  889  2  1  0.0397829786160463  0  
445  891  2  1  0.0469158730219020  0  
446  893  2  1  0.0516628400431380  0  
447  895  2  1  0.0503018695995126  0  
448  897  2  1  0.0490100080401111  0  
449  899  2  1  0.0461569678462495  0  
450  901  2  1  0.0501053699718413  0  
451  903  2  1  0.0560682996100154  0  
452  905  2  1  0.0603822181974852  0  
453  907  2  1  0.0555540791806845  0  
454  909  2  1  0.0471961926632385  0  
455  911  2  1  0.0349194142483459  0  
456  913  2  1  0.0350745258591360  0  
457  915  2  1  0.0363786271350659  0  
458  917  2  1  0.0401458532704785  0  
459  919  2  1  0.0454835699609760  0  
460  921  2  1  0.0432792230597463  0  
461  923  2  1  0.0436867390527936  0  
462  925  2  1  0.0430608197378474  0  
463  927  2  1  0.0444373182832074  0  
464  929  2  1  0.0505117582430617  0  
465  931  2  1  0.0527339080718237  0  
466  933  2  1  0.0586370341292643  0  
467  935  2  1  0.0614241713181171  0  
468  937  2  1  0.0569735755384257  0  
469  939  2  1  0.0474898983371737  0  
470  941  2  1  0.0404722584855165  0  
471  943  2  1  0.0315670734753366  0  
472  945  2  1  0.0285213835006060  0  
473  947  2  1  0.0266486839933518  0  
474  949  2  1  0.0282177317382875  0  
475  951  2  1  0.0294336028252246  0  
476  953  2  1  0.0362173499917029  0  
477  955  2  1  0.0417498539568171  0  
478  957  2  1  0.0468466092084733  0  
479  959  2  1  0.0489611184138754  0  
480  961  2  1  0.0445339924345497  0  
481  963  2  1  0.0337865032803145  0  
482  965  2  1  0.0257720399922841  0  
483  967  2  1  0.0260156561379468  0  
484  969  2  1  0.0280712935510647  0  
485  971  2  1  0.0357331629798202  0  
486  973  2  1  0.0424181779502944  0  
487  975  2  1  0.0455943450446317  0  
488  977  2  1  0.0465794500683162  0  
489  979  2  1  0.0408676115512857  0  
490  981  2  1  0.0387947861608211  0  
491  983  2  1  0.0393983744529028  0  
492  985  2  1  0.0438989289029656  0  
493  987  2  1  0.0554194348109781  0  
494  989  2  1  0.0690841909872644  0  
495  991  2  1  0.0735866688712813  0  
496  993  2  1  0.0732689925623518  0  
497  995  2  1  0.0626296830704830  0  
498  997  2  1  0.0692932485804497  0  
499  999  2  1  0.0879614492386998  0  
500  1001  2  1  0.0959829556616313  0  
501  1003  2  1  0.0916692421546421  0  
502  1005  2  1  0.0596043981063181  0  
503  1007  2  1  0.0475975697504540  0  
504  1009  2  1  0.0618715556655847  0  
505  1011  2  1  0.0600045738497945  0  
506  1013  2  1  0.0527415986524746  0  
507  1015  2  1  0.0506264591618540  0  
508  1017  2  1  0.0430138891849611  0  
509  1019  2  1  0.0381832291517320  0  
510  1021  2  1  0.0359887784361765  0  
511  1023  2  1  0.0354209974601921  0  
512  1025  2  1  0.0334840094008552  0  
513  1027  2  1  0.0392143066007477  0  
514  1029  2  1  0.0520217563607680  0  
515  1031  2  1  0.0612738978743933  0  
516  1033  2  1  0.0642999004615013  0  
517  1035  2  1  0.0573569139413705  0  
518  1037  2  1  0.0370261936416459  0  
519  1039  2  1  0.0355626140760240  0  
520  1041  2  1  0.0452683863351026  0  
521  1043  2  1  0.0441495755778654  0  
522  1045  2  1  0.0439824568234034  0  