TimeWindow  TotalIterations  Iterations  Convergence  
1  3  3  1  
2  5  2  1  
3  7  2  1  
4  9  2  1  
5  11  2  1  
6  13  2  1  
7  15  2  1  
8  17  2  1  
9  19  2  1  
10  21  2  1  
11  23  2  1  
12  25  2  1  
13  27  2  1  
14  29  2  1  
15  31  2  1  
16  33  2  1  
17  35  2  1  
18  37  2  1  
19  39  2  1  
20  41  2  1  
21  43  2  1  
22  45  2  1  
23  47  2  1  
24  49  2  1  
25  51  2  1  
26  53  2  1  
27  55  2  1  
28  57  2  1  
29  59  2  1  
30  61  2  1  
31  63  2  1  
32  65  2  1  
33  67  2  1  
34  69  2  1  
35  71  2  1  
36  73  2  1  
37  75  2  1  
38  77  2  1  
39  79  2  1  
40  81  2  1  
41  83  2  1  
42  85  2  1  
43  87  2  1  
44  89  2  1  
45  91  2  1  
46  93  2  1  
47  95  2  1  
48  97  2  1  
49  99  2  1  
50  101  2  1  
51  103  2  1  
52  105  2  1  
53  107  2  1  
54  109  2  1  
55  111  2  1  
56  113  2  1  
57  115  2  1  
58  117  2  1  
59  119  2  1  
60  121  2  1  
61  123  2  1  
62  125  2  1  
63  127  2  1  
64  129  2  1  
65  131  2  1  
66  133  2  1  
67  135  2  1  
68  137  2  1  
69  139  2  1  
70  141  2  1  
71  143  2  1  
72  145  2  1  
73  147  2  1  
74  149  2  1  
75  151  2  1  
76  153  2  1  
77  155  2  1  
78  157  2  1  
79  159  2  1  
80  161  2  1  
81  163  2  1  
82  165  2  1  
83  167  2  1  
84  169  2  1  
85  171  2  1  
86  173  2  1  
87  175  2  1  
88  177  2  1  
89  179  2  1  
90  181  2  1  
91  183  2  1  
92  185  2  1  
93  187  2  1  
94  189  2  1  
95  191  2  1  
96  193  2  1  
97  195  2  1  
98  197  2  1  
99  199  2  1  
100  201  2  1  
101  203  2  1  
102  205  2  1  
103  207  2  1  
104  209  2  1  
105  211  2  1  
106  213  2  1  
107  215  2  1  
108  217  2  1  
109  219  2  1  
110  221  2  1  
111  223  2  1  
112  225  2  1  
113  227  2  1  
114  229  2  1  
115  231  2  1  
116  233  2  1  
117  235  2  1  
118  237  2  1  
119  239  2  1  
120  241  2  1  
121  243  2  1  
122  245  2  1  
123  247  2  1  
124  249  2  1  
125  251  2  1  
126  253  2  1  
127  255  2  1  
128  257  2  1  
129  259  2  1  
130  261  2  1  
131  263  2  1  
132  265  2  1  
133  267  2  1  
134  269  2  1  
135  271  2  1  
136  273  2  1  
137  275  2  1  
138  277  2  1  
139  279  2  1  
140  281  2  1  
141  283  2  1  
142  285  2  1  
143  287  2  1  
144  289  2  1  
145  291  2  1  
146  293  2  1  
147  295  2  1  
148  297  2  1  
149  299  2  1  
150  301  2  1  
151  303  2  1  
152  305  2  1  
153  307  2  1  
154  309  2  1  
155  311  2  1  
156  313  2  1  
157  315  2  1  
158  317  2  1  
159  319  2  1  
160  321  2  1  
161  323  2  1  
162  325  2  1  
163  327  2  1  
164  329  2  1  
165  331  2  1  
166  333  2  1  
167  335  2  1  
168  337  2  1  
169  339  2  1  
170  341  2  1  
171  343  2  1  
172  345  2  1  
173  347  2  1  
174  349  2  1  
175  351  2  1  
176  353  2  1  
177  355  2  1  
178  357  2  1  
179  359  2  1  
180  361  2  1  
181  363  2  1  
182  365  2  1  
183  367  2  1  
184  369  2  1  
185  371  2  1  
186  373  2  1  
187  375  2  1  
188  377  2  1  
189  379  2  1  
190  381  2  1  
191  383  2  1  
192  385  2  1  
193  387  2  1  
194  389  2  1  
195  391  2  1  
196  393  2  1  
197  395  2  1  
198  397  2  1  
199  399  2  1  
200  401  2  1  
201  403  2  1  
202  405  2  1  
203  407  2  1  
204  409  2  1  
205  411  2  1  
206  413  2  1  
207  415  2  1  
208  417  2  1  
209  419  2  1  
210  421  2  1  
211  423  2  1  
212  425  2  1  
213  427  2  1  
214  429  2  1  
215  431  2  1  
216  433  2  1  
217  435  2  1  
218  437  2  1  
219  439  2  1  
220  441  2  1  
221  443  2  1  
222  445  2  1  
223  447  2  1  
224  449  2  1  
225  451  2  1  
226  453  2  1  
227  455  2  1  
228  457  2  1  
229  459  2  1  
230  461  2  1  
231  463  2  1  
232  465  2  1  
233  467  2  1  
234  469  2  1  
235  471  2  1  
236  473  2  1  
237  475  2  1  
238  477  2  1  
239  479  2  1  
240  481  2  1  
241  483  2  1  
242  485  2  1  
243  487  2  1  
244  489  2  1  
245  491  2  1  
246  493  2  1  
247  495  2  1  
248  497  2  1  
249  499  2  1  
250  501  2  1  
251  503  2  1  
252  505  2  1  
253  507  2  1  
254  509  2  1  
255  511  2  1  
256  513  2  1  
257  515  2  1  
258  517  2  1  
259  519  2  1  
260  521  2  1  
261  523  2  1  
262  525  2  1  
263  527  2  1  
264  529  2  1  
265  531  2  1  
266  533  2  1  
267  535  2  1  
268  537  2  1  
269  539  2  1  
270  541  2  1  
271  543  2  1  
272  545  2  1  
273  547  2  1  
274  549  2  1  
275  551  2  1  
276  553  2  1  
277  555  2  1  
278  557  2  1  
279  559  2  1  
280  561  2  1  
281  563  2  1  
282  565  2  1  
283  567  2  1  
284  569  2  1  
285  571  2  1  
286  573  2  1  
287  575  2  1  
288  577  2  1  
289  579  2  1  
290  581  2  1  
291  583  2  1  
292  585  2  1  
293  587  2  1  
294  589  2  1  
295  591  2  1  
296  593  2  1  
297  595  2  1  
298  597  2  1  
299  599  2  1  
300  601  2  1  
301  603  2  1  
302  605  2  1  
303  607  2  1  
304  609  2  1  
305  611  2  1  
306  613  2  1  
307  615  2  1  
308  617  2  1  
309  619  2  1  
310  621  2  1  
311  623  2  1  
312  625  2  1  
313  627  2  1  
314  629  2  1  
315  631  2  1  
316  633  2  1  
317  635  2  1  
318  637  2  1  
319  639  2  1  
320  641  2  1  
321  643  2  1  
322  645  2  1  
323  647  2  1  
324  649  2  1  
325  651  2  1  
326  653  2  1  
327  655  2  1  
328  657  2  1  
329  659  2  1  
330  661  2  1  
331  663  2  1  
332  665  2  1  
333  667  2  1  
334  669  2  1  
335  671  2  1  
336  673  2  1  
337  675  2  1  
338  677  2  1  
339  679  2  1  
340  681  2  1  
341  683  2  1  
342  685  2  1  
343  687  2  1  
344  689  2  1  
345  691  2  1  
346  693  2  1  
347  695  2  1  
348  697  2  1  
349  699  2  1  
350  701  2  1  
351  703  2  1  
352  705  2  1  
353  707  2  1  
354  709  2  1  
355  711  2  1  
356  713  2  1  
357  715  2  1  
358  717  2  1  
359  719  2  1  
360  721  2  1  
361  723  2  1  
362  725  2  1  
363  727  2  1  
364  729  2  1  
365  731  2  1  
366  733  2  1  
367  735  2  1  
368  737  2  1  
369  739  2  1  
370  741  2  1  
371  743  2  1  
372  745  2  1  
373  747  2  1  
374  749  2  1  
375  751  2  1  
376  753  2  1  
377  755  2  1  
378  757  2  1  
379  759  2  1  
380  761  2  1  
381  763  2  1  
382  765  2  1  
383  767  2  1  
384  769  2  1  
385  771  2  1  
386  773  2  1  
387  775  2  1  
388  777  2  1  
389  779  2  1  
390  781  2  1  
391  783  2  1  
392  785  2  1  
393  787  2  1  
394  789  2  1  
395  791  2  1  
396  793  2  1  
397  795  2  1  
398  797  2  1  
399  799  2  1  
400  801  2  1  
401  803  2  1  
402  805  2  1  
403  807  2  1  
404  809  2  1  
405  811  2  1  
406  813  2  1  
407  815  2  1  
408  817  2  1  
409  819  2  1  
410  821  2  1  
411  823  2  1  
412  825  2  1  
413  827  2  1  
414  829  2  1  
415  831  2  1  
416  833  2  1  
417  835  2  1  
418  837  2  1  
419  839  2  1  
420  841  2  1  
421  843  2  1  
422  845  2  1  
423  847  2  1  
424  849  2  1  
425  851  2  1  
426  853  2  1  
427  855  2  1  
428  857  2  1  
429  859  2  1  
430  861  2  1  
431  863  2  1  
432  865  2  1  
433  867  2  1  
434  869  2  1  
435  871  2  1  
436  873  2  1  
437  875  2  1  
438  877  2  1  
439  879  2  1  
440  881  2  1  
441  883  2  1  
442  885  2  1  
443  887  2  1  
444  889  2  1  
445  891  2  1  
446  893  2  1  
447  895  2  1  
448  897  2  1  
449  899  2  1  
450  901  2  1  
451  903  2  1  
452  905  2  1  
453  907  2  1  
454  909  2  1  
455  911  2  1  
456  913  2  1  
457  915  2  1  
458  917  2  1  
459  919  2  1  
460  921  2  1  
461  923  2  1  
462  925  2  1  
463  927  2  1  
464  929  2  1  
465  931  2  1  
466  933  2  1  
467  935  2  1  
468  937  2  1  
469  939  2  1  
470  941  2  1  
471  943  2  1  
472  945  2  1  
473  947  2  1  
474  949  2  1  
475  951  2  1  
476  953  2  1  
477  955  2  1  
478  957  2  1  
479  959  2  1  
480  961  2  1  
481  963  2  1  
482  965  2  1  
483  967  2  1  
484  969  2  1  
485  971  2  1  
486  973  2  1  
487  975  2  1  
488  977  2  1  
489  979  2  1  
490  981  2  1  
491  983  2  1  
492  985  2  1  
493  987  2  1  
494  989  2  1  
495  991  2  1  
496  993  2  1  
497  995  2  1  
498  997  2  1  
499  999  2  1  
500  1001  2  1  
501  1003  2  1  
502  1005  2  1  
503  1007  2  1  
504  1009  2  1  
505  1011  2  1  
506  1013  2  1  
507  1015  2  1  
508  1017  2  1  
509  1019  2  1  
510  1021  2  1  
511  1023  2  1  
512  1025  2  1  
513  1027  2  1  
514  1029  2  1  
515  1031  2  1  
516  1033  2  1  
517  1035  2  1  
518  1037  2  1  
519  1039  2  1  
520  1041  2  1  
521  1043  2  1  
522  1045  2  1  